68K GAS  ./lax2av.s 			page 1


   1               	
   2               	
   3               	MAIN
   4 0000 4FF9 0000 			LEA $8000,A7
   4      8000 
   5 0006 4EBA 001C 			JSR SETUPPIA
   6 000a 21FC 0000 			MOVE.L #LEFT,$74
   6      0000 0074 
   7 0012 21FC 0000 			MOVE.L #RIGHT,$68 
   7      0000 0068 
   8 001a 4280      			CLR.L D0
   9 001c 027C F8FF 			AND.W #$F8FF,SR
  10 0020 4EFA FFFE 	LOOP		JMP LOOP
  11               	
  12               	
  13               	SETUPPIA	
  14 0024 4239 0001 			CLR.B $10084
  14      0084 
  15 002a 13FC 0000 			MOVE.B #$00,$10080
  15      0001 0080 
  16 0032 13FC 0005 			MOVE.B #$05,$10084
  16      0001 0084 
  17 003a 4239 0001 			CLR.B $10086
  17      0086 
  18 0040 13FC 00FF 			MOVE.B #$FF,$10082
  18      0001 0082 
  19 0048 13FC 0005 			MOVE.B #$05,$10086
  19      0001 0086 
  20 0050 4E75      			RTS
  21               	
  22               	LEFT
  23 0052 4A39 0001 			TST.B $10080
  23      0080 
  24 0058 0C00 000F 			CMP.B #15,D0
  25 005c 6C02      			BGE OVER
  26 005e 5200      			ADD.B #1,D0
  27 0060 4E73      	OVER		RTE
  28               	
  29               	RIGHT
  30 0062 4A39 0001 			TST.B $10082
  30      0082 
  31 0068 13C0 0001 			MOVE.B D0,$10082
  31      0082 
  32 006e 4280      			CLR.L D0
  33 0070 4E73      			RTE
  34               	
  35               	
  36               	
  37               	
